{
  "//": "This file was generated by the `vercel build` command. It is not part of the Build Output API.",
  "target": "preview",
  "argv": [
    "C:\\Program Files\\nodejs\\node.exe",
    "C:\\Users\\KIIT\\AppData\\Roaming\\npm\\node_modules\\vercel\\dist\\index.js",
    "build"
  ],
  "builds": [
    {
      "require": "@vercel/python",
      "requirePath": "C:\\Users\\KIIT\\AppData\\Roaming\\npm\\node_modules\\vercel\\node_modules\\@vercel\\python\\dist\\index.js",
      "apiVersion": 3,
      "src": "index.py",
      "use": "@vercel/python",
      "config": {
        "runtime": "python3.6"
      },
      "error": {
        "name": "Error",
        "stack": "Error: Command failed: pip3.9 install --disable-pip-version-check --target . --upgrade -r C:/Users/KIIT/Desktop/Health - GFG/jansevak/requirements.txt\n  error: subprocess-exited-with-error\r\n  \r\n  Preparing metadata (pyproject.toml) did not run successfully.\r\n  exit code: 2\r\n  \r\n  [68 lines of output]\r\n  + C:\\msys64\\mingw64\\bin\\python.exe C:\\Users\\KIIT\\AppData\\Local\\Temp\\pip-install-bjy6ujjg\\numpy_2da30a0a3d43404fb7b20fc14a1ca04e\\vendored-meson\\meson\\meson.py setup C:\\Users\\KIIT\\AppData\\Local\\Temp\\pip-install-bjy6ujjg\\numpy_2da30a0a3d43404fb7b20fc14a1ca04e C:\\Users\\KIIT\\AppData\\Local\\Temp\\pip-install-bjy6ujjg\\numpy_2da30a0a3d43404fb7b20fc14a1ca04e\\.mesonpy-2kb13z9f\\build -Dbuildtype=release -Db_ndebug=if-release -Db_vscrt=md --native-file=C:\\Users\\KIIT\\AppData\\Local\\Temp\\pip-install-bjy6ujjg\\numpy_2da30a0a3d43404fb7b20fc14a1ca04e\\.mesonpy-2kb13z9f\\build\\meson-python-native-file.ini\r\n  Traceback (most recent call last):\r\n    File \"C:\\Users\\KIIT\\AppData\\Local\\Temp\\pip-install-bjy6ujjg\\numpy_2da30a0a3d43404fb7b20fc14a1ca04e\\vendored-meson\\meson\\mesonbuild\\mesonmain.py\", line 194, in run\r\n      return options.run_func(options)\r\n    File \"C:\\Users\\KIIT\\AppData\\Local\\Temp\\pip-install-bjy6ujjg\\numpy_2da30a0a3d43404fb7b20fc14a1ca04e\\vendored-meson\\meson\\mesonbuild\\msetup.py\", line 358, in run\r\n      app.generate()\r\n    File \"C:\\Users\\KIIT\\AppData\\Local\\Temp\\pip-install-bjy6ujjg\\numpy_2da30a0a3d43404fb7b20fc14a1ca04e\\vendored-meson\\meson\\mesonbuild\\msetup.py\", line 183, in generate\r\n      return self._generate(env, capture, vslite_ctx)\r\n    File \"C:\\Users\\KIIT\\AppData\\Local\\Temp\\pip-install-bjy6ujjg\\numpy_2da30a0a3d43404fb7b20fc14a1ca04e\\vendored-meson\\meson\\mesonbuild\\msetup.py\", line 228, in _generate\r\n      intr.run()\r\n    File \"C:\\Users\\KIIT\\AppData\\Local\\Temp\\pip-install-bjy6ujjg\\numpy_2da30a0a3d43404fb7b20fc14a1ca04e\\vendored-meson\\meson\\mesonbuild\\interpreter\\interpreter.py\", line 3002, in run\r\n      super().run()\r\n    File \"C:\\Users\\KIIT\\AppData\\Local\\Temp\\pip-install-bjy6ujjg\\numpy_2da30a0a3d43404fb7b20fc14a1ca04e\\vendored-meson\\meson\\mesonbuild\\interpreterbase\\interpreterbase.py\", line 164, in run\r\n      self.evaluate_codeblock(self.ast, start=1)\r\n    File \"C:\\Users\\KIIT\\AppData\\Local\\Temp\\pip-install-bjy6ujjg\\numpy_2da30a0a3d43404fb7b20fc14a1ca04e\\vendored-meson\\meson\\mesonbuild\\interpreterbase\\interpreterbase.py\", line 190, in evaluate_codeblock\r\n      raise e\r\n    File \"C:\\Users\\KIIT\\AppData\\Local\\Temp\\pip-install-bjy6ujjg\\numpy_2da30a0a3d43404fb7b20fc14a1ca04e\\vendored-meson\\meson\\mesonbuild\\interpreterbase\\interpreterbase.py\", line 182, in evaluate_codeblock\r\n      self.evaluate_statement(cur)\r\n    File \"C:\\Users\\KIIT\\AppData\\Local\\Temp\\pip-install-bjy6ujjg\\numpy_2da30a0a3d43404fb7b20fc14a1ca04e\\vendored-meson\\meson\\mesonbuild\\interpreterbase\\interpreterbase.py\", line 198, in evaluate_statement\r\n      self.assignment(cur)\r\n    File \"C:\\Users\\KIIT\\AppData\\Local\\Temp\\pip-install-bjy6ujjg\\numpy_2da30a0a3d43404fb7b20fc14a1ca04e\\vendored-meson\\meson\\mesonbuild\\interpreterbase\\interpreterbase.py\", line 635, in assignment\r\n      value = self.evaluate_statement(node.value)\r\n    File \"C:\\Users\\KIIT\\AppData\\Local\\Temp\\pip-install-bjy6ujjg\\numpy_2da30a0a3d43404fb7b20fc14a1ca04e\\vendored-meson\\meson\\mesonbuild\\interpreterbase\\interpreterbase.py\", line 200, in evaluate_statement\r\n      return self.method_call(cur)\r\n    File \"C:\\Users\\KIIT\\AppData\\Local\\Temp\\pip-install-bjy6ujjg\\numpy_2da30a0a3d43404fb7b20fc14a1ca04e\\vendored-meson\\meson\\mesonbuild\\interpreterbase\\interpreterbase.py\", line 550, in method_call\r\n      res = obj.method_call(method_name, args, kwargs)\r\n    File \"C:\\Users\\KIIT\\AppData\\Local\\Temp\\pip-install-bjy6ujjg\\numpy_2da30a0a3d43404fb7b20fc14a1ca04e\\vendored-meson\\meson\\mesonbuild\\interpreterbase\\baseobjects.py\", line 94, in method_call\r\n      return method(args, kwargs)\r\n    File \"C:\\Users\\KIIT\\AppData\\Local\\Temp\\pip-install-bjy6ujjg\\numpy_2da30a0a3d43404fb7b20fc14a1ca04e\\vendored-meson\\meson\\mesonbuild\\interpreterbase\\decorators.py\", line 109, in wrapped\r\n      ret = f(*wrapped_args, **wrapped_kwargs)\r\n    File \"C:\\Users\\KIIT\\AppData\\Local\\Temp\\pip-install-bjy6ujjg\\numpy_2da30a0a3d43404fb7b20fc14a1ca04e\\vendored-meson\\meson\\mesonbuild\\interpreterbase\\decorators.py\", line 127, in wrapped\r\n      return f(*wrapped_args, **wrapped_kwargs)\r\n    File \"C:\\Users\\KIIT\\AppData\\Local\\Temp\\pip-install-bjy6ujjg\\numpy_2da30a0a3d43404fb7b20fc14a1ca04e\\vendored-meson\\meson\\mesonbuild\\interpreterbase\\decorators.py\", line 826, in wrapped\r\n      return f(*wrapped_args, **wrapped_kwargs)\r\n    File \"C:\\Users\\KIIT\\AppData\\Local\\Temp\\pip-install-bjy6ujjg\\numpy_2da30a0a3d43404fb7b20fc14a1ca04e\\vendored-meson\\meson\\mesonbuild\\interpreterbase\\decorators.py\", line 64, in wrapped\r\n      return f(*wrapped_args, **wrapped_kwargs)\r\n    File \"C:\\Users\\KIIT\\AppData\\Local\\Temp\\pip-install-bjy6ujjg\\numpy_2da30a0a3d43404fb7b20fc14a1ca04e\\vendored-meson\\meson\\mesonbuild\\modules\\python.py\", line 204, in dependency_method\r\n      dep = self._dependency_method_impl(kwargs)\r\n    File \"C:\\Users\\KIIT\\AppData\\Local\\Temp\\pip-install-bjy6ujjg\\numpy_2da30a0a3d43404fb7b20fc14a1ca04e\\vendored-meson\\meson\\mesonbuild\\modules\\python.py\", line 189, in _dependency_method_impl\r\n      dep = find_external_dependency('python', self.interpreter.environment, new_kwargs, candidates)\r\n    File \"C:\\Users\\KIIT\\AppData\\Local\\Temp\\pip-install-bjy6ujjg\\numpy_2da30a0a3d43404fb7b20fc14a1ca04e\\vendored-meson\\meson\\mesonbuild\\dependencies\\detect.py\", line 124, in find_external_dependency\r\n      d = c()\r\n    File \"C:\\Users\\KIIT\\AppData\\Local\\Temp\\pip-install-bjy6ujjg\\numpy_2da30a0a3d43404fb7b20fc14a1ca04e\\vendored-meson\\meson\\mesonbuild\\dependencies\\python.py\", line 224, in __init__\r\n      if mesonlib.is_windows() and self.get_windows_python_arch().endswith('64') and mesonlib.version_compare(self.version, '<3.12'):\r\n  AttributeError: 'NoneType' object has no attribute 'endswith'\r\n  The Meson build system\r\n  Version: 1.2.99\r\n  Source dir: C:\\Users\\KIIT\\AppData\\Local\\Temp\\pip-install-bjy6ujjg\\numpy_2da30a0a3d43404fb7b20fc14a1ca04e\r\n  Build dir: C:\\Users\\KIIT\\AppData\\Local\\Temp\\pip-install-bjy6ujjg\\numpy_2da30a0a3d43404fb7b20fc14a1ca04e\\.mesonpy-2kb13z9f\\build\r\n  Build type: native build\r\n  Project name: NumPy\r\n  Project version: 1.26.2\r\n  C compiler for the host machine: cc (gcc 11.2.0 \"cc (Rev2, Built by MSYS2 project) 11.2.0\")\r\n  C linker for the host machine: cc ld.bfd 2.37\r\n  C++ compiler for the host machine: c++ (gcc 11.2.0 \"c++ (Rev2, Built by MSYS2 project) 11.2.0\")\r\n  C++ linker for the host machine: c++ ld.bfd 2.37\r\n  Cython compiler for the host machine: cython (cython 3.0.7)\r\n  Host machine cpu family: x86_64\r\n  Host machine cpu: x86_64\r\n  Program python found: YES (C:\\msys64\\mingw64\\bin\\python.exe)\r\n  Did not find pkg-config by name 'pkg-config'\r\n  Found Pkg-config: NO\r\n  Unknown Windows Python platform 'mingw_x86_64'\r\n  Unknown Windows Python platform 'mingw_x86_64'\r\n  \r\n  ..\\..\\meson.build:41:12: ERROR: Unhandled python exception\r\n  \r\n      This is a Meson bug and should be reported!\r\n  [end of output]\r\n  \r\n  note: This error originates from a subprocess, and is likely not a problem with pip.\r\nerror: metadata-generation-failed\r\n\r\nEncountered error while generating package metadata.\r\n\r\nSee above for output.\r\n\r\nnote: This is an issue with the package mentioned above, not pip.\r\nhint: See above for details.\r\n\nCollecting Flask (from -r C:/Users/KIIT/Desktop/Health - GFG/jansevak/requirements.txt (line 1))\r\n  Downloading flask-3.0.0-py3-none-any.whl (99 kB)\r\n     ---------------------------------------- 99.7/99.7 kB 1.4 MB/s eta 0:00:00\r\nCollecting Flask-SQLAlchemy (from -r C:/Users/KIIT/Desktop/Health - GFG/jansevak/requirements.txt (line 2))\r\n  Using cached flask_sqlalchemy-3.1.1-py3-none-any.whl (25 kB)\r\nCollecting Flask-Mail (from -r C:/Users/KIIT/Desktop/Health - GFG/jansevak/requirements.txt (line 3))\r\n  Using cached Flask-Mail-0.9.1.tar.gz (45 kB)\r\n  Preparing metadata (setup.py): started\r\n  Preparing metadata (setup.py): finished with status 'done'\r\nCollecting Werkzeug (from -r C:/Users/KIIT/Desktop/Health - GFG/jansevak/requirements.txt (line 4))\r\n  Downloading werkzeug-3.0.1-py3-none-any.whl (226 kB)\r\n     -------------------------------------- 226.7/226.7 kB 2.3 MB/s eta 0:00:00\r\nCollecting plotly (from -r C:/Users/KIIT/Desktop/Health - GFG/jansevak/requirements.txt (line 5))\r\n  Downloading plotly-5.18.0-py3-none-any.whl (15.6 MB)\r\n     --------------------------------------- 15.6/15.6 MB 10.6 MB/s eta 0:00:00\r\nCollecting numpy (from -r C:/Users/KIIT/Desktop/Health - GFG/jansevak/requirements.txt (line 6))\r\n  Downloading numpy-1.26.2.tar.gz (15.7 MB)\r\n     --------------------------------------- 15.7/15.7 MB 10.9 MB/s eta 0:00:00\r\n  Installing build dependencies: started\r\n  Installing build dependencies: finished with status 'done'\r\n  Getting requirements to build wheel: started\r\n  Getting requirements to build wheel: finished with status 'done'\r\n  Installing backend dependencies: started\r\n  Installing backend dependencies: still running...\r\n  Installing backend dependencies: finished with status 'done'\r\n  Preparing metadata (pyproject.toml): started\r\n  Preparing metadata (pyproject.toml): finished with status 'error'\r\n\n    at makeError (C:\\Users\\KIIT\\AppData\\Roaming\\npm\\node_modules\\vercel\\node_modules\\@vercel\\python\\dist\\index.js:671:9)\n    at C:\\Users\\KIIT\\AppData\\Roaming\\npm\\node_modules\\vercel\\node_modules\\@vercel\\python\\dist\\index.js:775:16\n    at processTicksAndRejections (node:internal/process/task_queues:95:5)\n    at pipInstall (C:\\Users\\KIIT\\AppData\\Roaming\\npm\\node_modules\\vercel\\node_modules\\@vercel\\python\\dist\\index.js:3771:9)\n    at installRequirementsFile (C:\\Users\\KIIT\\AppData\\Roaming\\npm\\node_modules\\vercel\\node_modules\\@vercel\\python\\dist\\index.js:3803:5)\n    at Object.build (C:\\Users\\KIIT\\AppData\\Roaming\\npm\\node_modules\\vercel\\node_modules\\@vercel\\python\\dist\\index.js:3649:9)\n    at doBuild (C:\\Users\\KIIT\\AppData\\Roaming\\npm\\node_modules\\vercel\\dist\\index.js:226112:33)\n    at main (C:\\Users\\KIIT\\AppData\\Roaming\\npm\\node_modules\\vercel\\dist\\index.js:225902:9)\n    at main (C:\\Users\\KIIT\\AppData\\Roaming\\npm\\node_modules\\vercel\\dist\\index.js:234149:24)",
        "message": "Command failed: pip3.9 install --disable-pip-version-check --target . --upgrade -r C:/Users/KIIT/Desktop/Health - GFG/jansevak/requirements.txt\n  error: subprocess-exited-with-error\r\n  \r\n  Preparing metadata (pyproject.toml) did not run successfully.\r\n  exit code: 2\r\n  \r\n  [68 lines of output]\r\n  + C:\\msys64\\mingw64\\bin\\python.exe C:\\Users\\KIIT\\AppData\\Local\\Temp\\pip-install-bjy6ujjg\\numpy_2da30a0a3d43404fb7b20fc14a1ca04e\\vendored-meson\\meson\\meson.py setup C:\\Users\\KIIT\\AppData\\Local\\Temp\\pip-install-bjy6ujjg\\numpy_2da30a0a3d43404fb7b20fc14a1ca04e C:\\Users\\KIIT\\AppData\\Local\\Temp\\pip-install-bjy6ujjg\\numpy_2da30a0a3d43404fb7b20fc14a1ca04e\\.mesonpy-2kb13z9f\\build -Dbuildtype=release -Db_ndebug=if-release -Db_vscrt=md --native-file=C:\\Users\\KIIT\\AppData\\Local\\Temp\\pip-install-bjy6ujjg\\numpy_2da30a0a3d43404fb7b20fc14a1ca04e\\.mesonpy-2kb13z9f\\build\\meson-python-native-file.ini\r\n  Traceback (most recent call last):\r\n    File \"C:\\Users\\KIIT\\AppData\\Local\\Temp\\pip-install-bjy6ujjg\\numpy_2da30a0a3d43404fb7b20fc14a1ca04e\\vendored-meson\\meson\\mesonbuild\\mesonmain.py\", line 194, in run\r\n      return options.run_func(options)\r\n    File \"C:\\Users\\KIIT\\AppData\\Local\\Temp\\pip-install-bjy6ujjg\\numpy_2da30a0a3d43404fb7b20fc14a1ca04e\\vendored-meson\\meson\\mesonbuild\\msetup.py\", line 358, in run\r\n      app.generate()\r\n    File \"C:\\Users\\KIIT\\AppData\\Local\\Temp\\pip-install-bjy6ujjg\\numpy_2da30a0a3d43404fb7b20fc14a1ca04e\\vendored-meson\\meson\\mesonbuild\\msetup.py\", line 183, in generate\r\n      return self._generate(env, capture, vslite_ctx)\r\n    File \"C:\\Users\\KIIT\\AppData\\Local\\Temp\\pip-install-bjy6ujjg\\numpy_2da30a0a3d43404fb7b20fc14a1ca04e\\vendored-meson\\meson\\mesonbuild\\msetup.py\", line 228, in _generate\r\n      intr.run()\r\n    File \"C:\\Users\\KIIT\\AppData\\Local\\Temp\\pip-install-bjy6ujjg\\numpy_2da30a0a3d43404fb7b20fc14a1ca04e\\vendored-meson\\meson\\mesonbuild\\interpreter\\interpreter.py\", line 3002, in run\r\n      super().run()\r\n    File \"C:\\Users\\KIIT\\AppData\\Local\\Temp\\pip-install-bjy6ujjg\\numpy_2da30a0a3d43404fb7b20fc14a1ca04e\\vendored-meson\\meson\\mesonbuild\\interpreterbase\\interpreterbase.py\", line 164, in run\r\n      self.evaluate_codeblock(self.ast, start=1)\r\n    File \"C:\\Users\\KIIT\\AppData\\Local\\Temp\\pip-install-bjy6ujjg\\numpy_2da30a0a3d43404fb7b20fc14a1ca04e\\vendored-meson\\meson\\mesonbuild\\interpreterbase\\interpreterbase.py\", line 190, in evaluate_codeblock\r\n      raise e\r\n    File \"C:\\Users\\KIIT\\AppData\\Local\\Temp\\pip-install-bjy6ujjg\\numpy_2da30a0a3d43404fb7b20fc14a1ca04e\\vendored-meson\\meson\\mesonbuild\\interpreterbase\\interpreterbase.py\", line 182, in evaluate_codeblock\r\n      self.evaluate_statement(cur)\r\n    File \"C:\\Users\\KIIT\\AppData\\Local\\Temp\\pip-install-bjy6ujjg\\numpy_2da30a0a3d43404fb7b20fc14a1ca04e\\vendored-meson\\meson\\mesonbuild\\interpreterbase\\interpreterbase.py\", line 198, in evaluate_statement\r\n      self.assignment(cur)\r\n    File \"C:\\Users\\KIIT\\AppData\\Local\\Temp\\pip-install-bjy6ujjg\\numpy_2da30a0a3d43404fb7b20fc14a1ca04e\\vendored-meson\\meson\\mesonbuild\\interpreterbase\\interpreterbase.py\", line 635, in assignment\r\n      value = self.evaluate_statement(node.value)\r\n    File \"C:\\Users\\KIIT\\AppData\\Local\\Temp\\pip-install-bjy6ujjg\\numpy_2da30a0a3d43404fb7b20fc14a1ca04e\\vendored-meson\\meson\\mesonbuild\\interpreterbase\\interpreterbase.py\", line 200, in evaluate_statement\r\n      return self.method_call(cur)\r\n    File \"C:\\Users\\KIIT\\AppData\\Local\\Temp\\pip-install-bjy6ujjg\\numpy_2da30a0a3d43404fb7b20fc14a1ca04e\\vendored-meson\\meson\\mesonbuild\\interpreterbase\\interpreterbase.py\", line 550, in method_call\r\n      res = obj.method_call(method_name, args, kwargs)\r\n    File \"C:\\Users\\KIIT\\AppData\\Local\\Temp\\pip-install-bjy6ujjg\\numpy_2da30a0a3d43404fb7b20fc14a1ca04e\\vendored-meson\\meson\\mesonbuild\\interpreterbase\\baseobjects.py\", line 94, in method_call\r\n      return method(args, kwargs)\r\n    File \"C:\\Users\\KIIT\\AppData\\Local\\Temp\\pip-install-bjy6ujjg\\numpy_2da30a0a3d43404fb7b20fc14a1ca04e\\vendored-meson\\meson\\mesonbuild\\interpreterbase\\decorators.py\", line 109, in wrapped\r\n      ret = f(*wrapped_args, **wrapped_kwargs)\r\n    File \"C:\\Users\\KIIT\\AppData\\Local\\Temp\\pip-install-bjy6ujjg\\numpy_2da30a0a3d43404fb7b20fc14a1ca04e\\vendored-meson\\meson\\mesonbuild\\interpreterbase\\decorators.py\", line 127, in wrapped\r\n      return f(*wrapped_args, **wrapped_kwargs)\r\n    File \"C:\\Users\\KIIT\\AppData\\Local\\Temp\\pip-install-bjy6ujjg\\numpy_2da30a0a3d43404fb7b20fc14a1ca04e\\vendored-meson\\meson\\mesonbuild\\interpreterbase\\decorators.py\", line 826, in wrapped\r\n      return f(*wrapped_args, **wrapped_kwargs)\r\n    File \"C:\\Users\\KIIT\\AppData\\Local\\Temp\\pip-install-bjy6ujjg\\numpy_2da30a0a3d43404fb7b20fc14a1ca04e\\vendored-meson\\meson\\mesonbuild\\interpreterbase\\decorators.py\", line 64, in wrapped\r\n      return f(*wrapped_args, **wrapped_kwargs)\r\n    File \"C:\\Users\\KIIT\\AppData\\Local\\Temp\\pip-install-bjy6ujjg\\numpy_2da30a0a3d43404fb7b20fc14a1ca04e\\vendored-meson\\meson\\mesonbuild\\modules\\python.py\", line 204, in dependency_method\r\n      dep = self._dependency_method_impl(kwargs)\r\n    File \"C:\\Users\\KIIT\\AppData\\Local\\Temp\\pip-install-bjy6ujjg\\numpy_2da30a0a3d43404fb7b20fc14a1ca04e\\vendored-meson\\meson\\mesonbuild\\modules\\python.py\", line 189, in _dependency_method_impl\r\n      dep = find_external_dependency('python', self.interpreter.environment, new_kwargs, candidates)\r\n    File \"C:\\Users\\KIIT\\AppData\\Local\\Temp\\pip-install-bjy6ujjg\\numpy_2da30a0a3d43404fb7b20fc14a1ca04e\\vendored-meson\\meson\\mesonbuild\\dependencies\\detect.py\", line 124, in find_external_dependency\r\n      d = c()\r\n    File \"C:\\Users\\KIIT\\AppData\\Local\\Temp\\pip-install-bjy6ujjg\\numpy_2da30a0a3d43404fb7b20fc14a1ca04e\\vendored-meson\\meson\\mesonbuild\\dependencies\\python.py\", line 224, in __init__\r\n      if mesonlib.is_windows() and self.get_windows_python_arch().endswith('64') and mesonlib.version_compare(self.version, '<3.12'):\r\n  AttributeError: 'NoneType' object has no attribute 'endswith'\r\n  The Meson build system\r\n  Version: 1.2.99\r\n  Source dir: C:\\Users\\KIIT\\AppData\\Local\\Temp\\pip-install-bjy6ujjg\\numpy_2da30a0a3d43404fb7b20fc14a1ca04e\r\n  Build dir: C:\\Users\\KIIT\\AppData\\Local\\Temp\\pip-install-bjy6ujjg\\numpy_2da30a0a3d43404fb7b20fc14a1ca04e\\.mesonpy-2kb13z9f\\build\r\n  Build type: native build\r\n  Project name: NumPy\r\n  Project version: 1.26.2\r\n  C compiler for the host machine: cc (gcc 11.2.0 \"cc (Rev2, Built by MSYS2 project) 11.2.0\")\r\n  C linker for the host machine: cc ld.bfd 2.37\r\n  C++ compiler for the host machine: c++ (gcc 11.2.0 \"c++ (Rev2, Built by MSYS2 project) 11.2.0\")\r\n  C++ linker for the host machine: c++ ld.bfd 2.37\r\n  Cython compiler for the host machine: cython (cython 3.0.7)\r\n  Host machine cpu family: x86_64\r\n  Host machine cpu: x86_64\r\n  Program python found: YES (C:\\msys64\\mingw64\\bin\\python.exe)\r\n  Did not find pkg-config by name 'pkg-config'\r\n  Found Pkg-config: NO\r\n  Unknown Windows Python platform 'mingw_x86_64'\r\n  Unknown Windows Python platform 'mingw_x86_64'\r\n  \r\n  ..\\..\\meson.build:41:12: ERROR: Unhandled python exception\r\n  \r\n      This is a Meson bug and should be reported!\r\n  [end of output]\r\n  \r\n  note: This error originates from a subprocess, and is likely not a problem with pip.\r\nerror: metadata-generation-failed\r\n\r\nEncountered error while generating package metadata.\r\n\r\nSee above for output.\r\n\r\nnote: This is an issue with the package mentioned above, not pip.\r\nhint: See above for details.\r\n\nCollecting Flask (from -r C:/Users/KIIT/Desktop/Health - GFG/jansevak/requirements.txt (line 1))\r\n  Downloading flask-3.0.0-py3-none-any.whl (99 kB)\r\n     ---------------------------------------- 99.7/99.7 kB 1.4 MB/s eta 0:00:00\r\nCollecting Flask-SQLAlchemy (from -r C:/Users/KIIT/Desktop/Health - GFG/jansevak/requirements.txt (line 2))\r\n  Using cached flask_sqlalchemy-3.1.1-py3-none-any.whl (25 kB)\r\nCollecting Flask-Mail (from -r C:/Users/KIIT/Desktop/Health - GFG/jansevak/requirements.txt (line 3))\r\n  Using cached Flask-Mail-0.9.1.tar.gz (45 kB)\r\n  Preparing metadata (setup.py): started\r\n  Preparing metadata (setup.py): finished with status 'done'\r\nCollecting Werkzeug (from -r C:/Users/KIIT/Desktop/Health - GFG/jansevak/requirements.txt (line 4))\r\n  Downloading werkzeug-3.0.1-py3-none-any.whl (226 kB)\r\n     -------------------------------------- 226.7/226.7 kB 2.3 MB/s eta 0:00:00\r\nCollecting plotly (from -r C:/Users/KIIT/Desktop/Health - GFG/jansevak/requirements.txt (line 5))\r\n  Downloading plotly-5.18.0-py3-none-any.whl (15.6 MB)\r\n     --------------------------------------- 15.6/15.6 MB 10.6 MB/s eta 0:00:00\r\nCollecting numpy (from -r C:/Users/KIIT/Desktop/Health - GFG/jansevak/requirements.txt (line 6))\r\n  Downloading numpy-1.26.2.tar.gz (15.7 MB)\r\n     --------------------------------------- 15.7/15.7 MB 10.9 MB/s eta 0:00:00\r\n  Installing build dependencies: started\r\n  Installing build dependencies: finished with status 'done'\r\n  Getting requirements to build wheel: started\r\n  Getting requirements to build wheel: finished with status 'done'\r\n  Installing backend dependencies: started\r\n  Installing backend dependencies: still running...\r\n  Installing backend dependencies: finished with status 'done'\r\n  Preparing metadata (pyproject.toml): started\r\n  Preparing metadata (pyproject.toml): finished with status 'error'\r\n",
        "code": 1,
        "stdout": "Collecting Flask (from -r C:/Users/KIIT/Desktop/Health - GFG/jansevak/requirements.txt (line 1))\r\n  Downloading flask-3.0.0-py3-none-any.whl (99 kB)\r\n     ---------------------------------------- 99.7/99.7 kB 1.4 MB/s eta 0:00:00\r\nCollecting Flask-SQLAlchemy (from -r C:/Users/KIIT/Desktop/Health - GFG/jansevak/requirements.txt (line 2))\r\n  Using cached flask_sqlalchemy-3.1.1-py3-none-any.whl (25 kB)\r\nCollecting Flask-Mail (from -r C:/Users/KIIT/Desktop/Health - GFG/jansevak/requirements.txt (line 3))\r\n  Using cached Flask-Mail-0.9.1.tar.gz (45 kB)\r\n  Preparing metadata (setup.py): started\r\n  Preparing metadata (setup.py): finished with status 'done'\r\nCollecting Werkzeug (from -r C:/Users/KIIT/Desktop/Health - GFG/jansevak/requirements.txt (line 4))\r\n  Downloading werkzeug-3.0.1-py3-none-any.whl (226 kB)\r\n     -------------------------------------- 226.7/226.7 kB 2.3 MB/s eta 0:00:00\r\nCollecting plotly (from -r C:/Users/KIIT/Desktop/Health - GFG/jansevak/requirements.txt (line 5))\r\n  Downloading plotly-5.18.0-py3-none-any.whl (15.6 MB)\r\n     --------------------------------------- 15.6/15.6 MB 10.6 MB/s eta 0:00:00\r\nCollecting numpy (from -r C:/Users/KIIT/Desktop/Health - GFG/jansevak/requirements.txt (line 6))\r\n  Downloading numpy-1.26.2.tar.gz (15.7 MB)\r\n     --------------------------------------- 15.7/15.7 MB 10.9 MB/s eta 0:00:00\r\n  Installing build dependencies: started\r\n  Installing build dependencies: finished with status 'done'\r\n  Getting requirements to build wheel: started\r\n  Getting requirements to build wheel: finished with status 'done'\r\n  Installing backend dependencies: started\r\n  Installing backend dependencies: still running...\r\n  Installing backend dependencies: finished with status 'done'\r\n  Preparing metadata (pyproject.toml): started\r\n  Preparing metadata (pyproject.toml): finished with status 'error'\r\n",
        "stderr": "  error: subprocess-exited-with-error\r\n  \r\n  Preparing metadata (pyproject.toml) did not run successfully.\r\n  exit code: 2\r\n  \r\n  [68 lines of output]\r\n  + C:\\msys64\\mingw64\\bin\\python.exe C:\\Users\\KIIT\\AppData\\Local\\Temp\\pip-install-bjy6ujjg\\numpy_2da30a0a3d43404fb7b20fc14a1ca04e\\vendored-meson\\meson\\meson.py setup C:\\Users\\KIIT\\AppData\\Local\\Temp\\pip-install-bjy6ujjg\\numpy_2da30a0a3d43404fb7b20fc14a1ca04e C:\\Users\\KIIT\\AppData\\Local\\Temp\\pip-install-bjy6ujjg\\numpy_2da30a0a3d43404fb7b20fc14a1ca04e\\.mesonpy-2kb13z9f\\build -Dbuildtype=release -Db_ndebug=if-release -Db_vscrt=md --native-file=C:\\Users\\KIIT\\AppData\\Local\\Temp\\pip-install-bjy6ujjg\\numpy_2da30a0a3d43404fb7b20fc14a1ca04e\\.mesonpy-2kb13z9f\\build\\meson-python-native-file.ini\r\n  Traceback (most recent call last):\r\n    File \"C:\\Users\\KIIT\\AppData\\Local\\Temp\\pip-install-bjy6ujjg\\numpy_2da30a0a3d43404fb7b20fc14a1ca04e\\vendored-meson\\meson\\mesonbuild\\mesonmain.py\", line 194, in run\r\n      return options.run_func(options)\r\n    File \"C:\\Users\\KIIT\\AppData\\Local\\Temp\\pip-install-bjy6ujjg\\numpy_2da30a0a3d43404fb7b20fc14a1ca04e\\vendored-meson\\meson\\mesonbuild\\msetup.py\", line 358, in run\r\n      app.generate()\r\n    File \"C:\\Users\\KIIT\\AppData\\Local\\Temp\\pip-install-bjy6ujjg\\numpy_2da30a0a3d43404fb7b20fc14a1ca04e\\vendored-meson\\meson\\mesonbuild\\msetup.py\", line 183, in generate\r\n      return self._generate(env, capture, vslite_ctx)\r\n    File \"C:\\Users\\KIIT\\AppData\\Local\\Temp\\pip-install-bjy6ujjg\\numpy_2da30a0a3d43404fb7b20fc14a1ca04e\\vendored-meson\\meson\\mesonbuild\\msetup.py\", line 228, in _generate\r\n      intr.run()\r\n    File \"C:\\Users\\KIIT\\AppData\\Local\\Temp\\pip-install-bjy6ujjg\\numpy_2da30a0a3d43404fb7b20fc14a1ca04e\\vendored-meson\\meson\\mesonbuild\\interpreter\\interpreter.py\", line 3002, in run\r\n      super().run()\r\n    File \"C:\\Users\\KIIT\\AppData\\Local\\Temp\\pip-install-bjy6ujjg\\numpy_2da30a0a3d43404fb7b20fc14a1ca04e\\vendored-meson\\meson\\mesonbuild\\interpreterbase\\interpreterbase.py\", line 164, in run\r\n      self.evaluate_codeblock(self.ast, start=1)\r\n    File \"C:\\Users\\KIIT\\AppData\\Local\\Temp\\pip-install-bjy6ujjg\\numpy_2da30a0a3d43404fb7b20fc14a1ca04e\\vendored-meson\\meson\\mesonbuild\\interpreterbase\\interpreterbase.py\", line 190, in evaluate_codeblock\r\n      raise e\r\n    File \"C:\\Users\\KIIT\\AppData\\Local\\Temp\\pip-install-bjy6ujjg\\numpy_2da30a0a3d43404fb7b20fc14a1ca04e\\vendored-meson\\meson\\mesonbuild\\interpreterbase\\interpreterbase.py\", line 182, in evaluate_codeblock\r\n      self.evaluate_statement(cur)\r\n    File \"C:\\Users\\KIIT\\AppData\\Local\\Temp\\pip-install-bjy6ujjg\\numpy_2da30a0a3d43404fb7b20fc14a1ca04e\\vendored-meson\\meson\\mesonbuild\\interpreterbase\\interpreterbase.py\", line 198, in evaluate_statement\r\n      self.assignment(cur)\r\n    File \"C:\\Users\\KIIT\\AppData\\Local\\Temp\\pip-install-bjy6ujjg\\numpy_2da30a0a3d43404fb7b20fc14a1ca04e\\vendored-meson\\meson\\mesonbuild\\interpreterbase\\interpreterbase.py\", line 635, in assignment\r\n      value = self.evaluate_statement(node.value)\r\n    File \"C:\\Users\\KIIT\\AppData\\Local\\Temp\\pip-install-bjy6ujjg\\numpy_2da30a0a3d43404fb7b20fc14a1ca04e\\vendored-meson\\meson\\mesonbuild\\interpreterbase\\interpreterbase.py\", line 200, in evaluate_statement\r\n      return self.method_call(cur)\r\n    File \"C:\\Users\\KIIT\\AppData\\Local\\Temp\\pip-install-bjy6ujjg\\numpy_2da30a0a3d43404fb7b20fc14a1ca04e\\vendored-meson\\meson\\mesonbuild\\interpreterbase\\interpreterbase.py\", line 550, in method_call\r\n      res = obj.method_call(method_name, args, kwargs)\r\n    File \"C:\\Users\\KIIT\\AppData\\Local\\Temp\\pip-install-bjy6ujjg\\numpy_2da30a0a3d43404fb7b20fc14a1ca04e\\vendored-meson\\meson\\mesonbuild\\interpreterbase\\baseobjects.py\", line 94, in method_call\r\n      return method(args, kwargs)\r\n    File \"C:\\Users\\KIIT\\AppData\\Local\\Temp\\pip-install-bjy6ujjg\\numpy_2da30a0a3d43404fb7b20fc14a1ca04e\\vendored-meson\\meson\\mesonbuild\\interpreterbase\\decorators.py\", line 109, in wrapped\r\n      ret = f(*wrapped_args, **wrapped_kwargs)\r\n    File \"C:\\Users\\KIIT\\AppData\\Local\\Temp\\pip-install-bjy6ujjg\\numpy_2da30a0a3d43404fb7b20fc14a1ca04e\\vendored-meson\\meson\\mesonbuild\\interpreterbase\\decorators.py\", line 127, in wrapped\r\n      return f(*wrapped_args, **wrapped_kwargs)\r\n    File \"C:\\Users\\KIIT\\AppData\\Local\\Temp\\pip-install-bjy6ujjg\\numpy_2da30a0a3d43404fb7b20fc14a1ca04e\\vendored-meson\\meson\\mesonbuild\\interpreterbase\\decorators.py\", line 826, in wrapped\r\n      return f(*wrapped_args, **wrapped_kwargs)\r\n    File \"C:\\Users\\KIIT\\AppData\\Local\\Temp\\pip-install-bjy6ujjg\\numpy_2da30a0a3d43404fb7b20fc14a1ca04e\\vendored-meson\\meson\\mesonbuild\\interpreterbase\\decorators.py\", line 64, in wrapped\r\n      return f(*wrapped_args, **wrapped_kwargs)\r\n    File \"C:\\Users\\KIIT\\AppData\\Local\\Temp\\pip-install-bjy6ujjg\\numpy_2da30a0a3d43404fb7b20fc14a1ca04e\\vendored-meson\\meson\\mesonbuild\\modules\\python.py\", line 204, in dependency_method\r\n      dep = self._dependency_method_impl(kwargs)\r\n    File \"C:\\Users\\KIIT\\AppData\\Local\\Temp\\pip-install-bjy6ujjg\\numpy_2da30a0a3d43404fb7b20fc14a1ca04e\\vendored-meson\\meson\\mesonbuild\\modules\\python.py\", line 189, in _dependency_method_impl\r\n      dep = find_external_dependency('python', self.interpreter.environment, new_kwargs, candidates)\r\n    File \"C:\\Users\\KIIT\\AppData\\Local\\Temp\\pip-install-bjy6ujjg\\numpy_2da30a0a3d43404fb7b20fc14a1ca04e\\vendored-meson\\meson\\mesonbuild\\dependencies\\detect.py\", line 124, in find_external_dependency\r\n      d = c()\r\n    File \"C:\\Users\\KIIT\\AppData\\Local\\Temp\\pip-install-bjy6ujjg\\numpy_2da30a0a3d43404fb7b20fc14a1ca04e\\vendored-meson\\meson\\mesonbuild\\dependencies\\python.py\", line 224, in __init__\r\n      if mesonlib.is_windows() and self.get_windows_python_arch().endswith('64') and mesonlib.version_compare(self.version, '<3.12'):\r\n  AttributeError: 'NoneType' object has no attribute 'endswith'\r\n  The Meson build system\r\n  Version: 1.2.99\r\n  Source dir: C:\\Users\\KIIT\\AppData\\Local\\Temp\\pip-install-bjy6ujjg\\numpy_2da30a0a3d43404fb7b20fc14a1ca04e\r\n  Build dir: C:\\Users\\KIIT\\AppData\\Local\\Temp\\pip-install-bjy6ujjg\\numpy_2da30a0a3d43404fb7b20fc14a1ca04e\\.mesonpy-2kb13z9f\\build\r\n  Build type: native build\r\n  Project name: NumPy\r\n  Project version: 1.26.2\r\n  C compiler for the host machine: cc (gcc 11.2.0 \"cc (Rev2, Built by MSYS2 project) 11.2.0\")\r\n  C linker for the host machine: cc ld.bfd 2.37\r\n  C++ compiler for the host machine: c++ (gcc 11.2.0 \"c++ (Rev2, Built by MSYS2 project) 11.2.0\")\r\n  C++ linker for the host machine: c++ ld.bfd 2.37\r\n  Cython compiler for the host machine: cython (cython 3.0.7)\r\n  Host machine cpu family: x86_64\r\n  Host machine cpu: x86_64\r\n  Program python found: YES (C:\\msys64\\mingw64\\bin\\python.exe)\r\n  Did not find pkg-config by name 'pkg-config'\r\n  Found Pkg-config: NO\r\n  Unknown Windows Python platform 'mingw_x86_64'\r\n  Unknown Windows Python platform 'mingw_x86_64'\r\n  \r\n  ..\\..\\meson.build:41:12: ERROR: Unhandled python exception\r\n  \r\n      This is a Meson bug and should be reported!\r\n  [end of output]\r\n  \r\n  note: This error originates from a subprocess, and is likely not a problem with pip.\r\nerror: metadata-generation-failed\r\n\r\nEncountered error while generating package metadata.\r\n\r\nSee above for output.\r\n\r\nnote: This is an issue with the package mentioned above, not pip.\r\nhint: See above for details.\r\n",
        "failed": true,
        "signal": null,
        "cmd": "pip3.9 install --disable-pip-version-check --target . --upgrade -r C:/Users/KIIT/Desktop/Health - GFG/jansevak/requirements.txt",
        "timedOut": false,
        "killed": false
      }
    }
  ],
  "error": {
    "name": "Error",
    "stack": "Error: Command failed: pip3.9 install --disable-pip-version-check --target . --upgrade -r C:/Users/KIIT/Desktop/Health - GFG/jansevak/requirements.txt\n  error: subprocess-exited-with-error\r\n  \r\n  Preparing metadata (pyproject.toml) did not run successfully.\r\n  exit code: 2\r\n  \r\n  [68 lines of output]\r\n  + C:\\msys64\\mingw64\\bin\\python.exe C:\\Users\\KIIT\\AppData\\Local\\Temp\\pip-install-bjy6ujjg\\numpy_2da30a0a3d43404fb7b20fc14a1ca04e\\vendored-meson\\meson\\meson.py setup C:\\Users\\KIIT\\AppData\\Local\\Temp\\pip-install-bjy6ujjg\\numpy_2da30a0a3d43404fb7b20fc14a1ca04e C:\\Users\\KIIT\\AppData\\Local\\Temp\\pip-install-bjy6ujjg\\numpy_2da30a0a3d43404fb7b20fc14a1ca04e\\.mesonpy-2kb13z9f\\build -Dbuildtype=release -Db_ndebug=if-release -Db_vscrt=md --native-file=C:\\Users\\KIIT\\AppData\\Local\\Temp\\pip-install-bjy6ujjg\\numpy_2da30a0a3d43404fb7b20fc14a1ca04e\\.mesonpy-2kb13z9f\\build\\meson-python-native-file.ini\r\n  Traceback (most recent call last):\r\n    File \"C:\\Users\\KIIT\\AppData\\Local\\Temp\\pip-install-bjy6ujjg\\numpy_2da30a0a3d43404fb7b20fc14a1ca04e\\vendored-meson\\meson\\mesonbuild\\mesonmain.py\", line 194, in run\r\n      return options.run_func(options)\r\n    File \"C:\\Users\\KIIT\\AppData\\Local\\Temp\\pip-install-bjy6ujjg\\numpy_2da30a0a3d43404fb7b20fc14a1ca04e\\vendored-meson\\meson\\mesonbuild\\msetup.py\", line 358, in run\r\n      app.generate()\r\n    File \"C:\\Users\\KIIT\\AppData\\Local\\Temp\\pip-install-bjy6ujjg\\numpy_2da30a0a3d43404fb7b20fc14a1ca04e\\vendored-meson\\meson\\mesonbuild\\msetup.py\", line 183, in generate\r\n      return self._generate(env, capture, vslite_ctx)\r\n    File \"C:\\Users\\KIIT\\AppData\\Local\\Temp\\pip-install-bjy6ujjg\\numpy_2da30a0a3d43404fb7b20fc14a1ca04e\\vendored-meson\\meson\\mesonbuild\\msetup.py\", line 228, in _generate\r\n      intr.run()\r\n    File \"C:\\Users\\KIIT\\AppData\\Local\\Temp\\pip-install-bjy6ujjg\\numpy_2da30a0a3d43404fb7b20fc14a1ca04e\\vendored-meson\\meson\\mesonbuild\\interpreter\\interpreter.py\", line 3002, in run\r\n      super().run()\r\n    File \"C:\\Users\\KIIT\\AppData\\Local\\Temp\\pip-install-bjy6ujjg\\numpy_2da30a0a3d43404fb7b20fc14a1ca04e\\vendored-meson\\meson\\mesonbuild\\interpreterbase\\interpreterbase.py\", line 164, in run\r\n      self.evaluate_codeblock(self.ast, start=1)\r\n    File \"C:\\Users\\KIIT\\AppData\\Local\\Temp\\pip-install-bjy6ujjg\\numpy_2da30a0a3d43404fb7b20fc14a1ca04e\\vendored-meson\\meson\\mesonbuild\\interpreterbase\\interpreterbase.py\", line 190, in evaluate_codeblock\r\n      raise e\r\n    File \"C:\\Users\\KIIT\\AppData\\Local\\Temp\\pip-install-bjy6ujjg\\numpy_2da30a0a3d43404fb7b20fc14a1ca04e\\vendored-meson\\meson\\mesonbuild\\interpreterbase\\interpreterbase.py\", line 182, in evaluate_codeblock\r\n      self.evaluate_statement(cur)\r\n    File \"C:\\Users\\KIIT\\AppData\\Local\\Temp\\pip-install-bjy6ujjg\\numpy_2da30a0a3d43404fb7b20fc14a1ca04e\\vendored-meson\\meson\\mesonbuild\\interpreterbase\\interpreterbase.py\", line 198, in evaluate_statement\r\n      self.assignment(cur)\r\n    File \"C:\\Users\\KIIT\\AppData\\Local\\Temp\\pip-install-bjy6ujjg\\numpy_2da30a0a3d43404fb7b20fc14a1ca04e\\vendored-meson\\meson\\mesonbuild\\interpreterbase\\interpreterbase.py\", line 635, in assignment\r\n      value = self.evaluate_statement(node.value)\r\n    File \"C:\\Users\\KIIT\\AppData\\Local\\Temp\\pip-install-bjy6ujjg\\numpy_2da30a0a3d43404fb7b20fc14a1ca04e\\vendored-meson\\meson\\mesonbuild\\interpreterbase\\interpreterbase.py\", line 200, in evaluate_statement\r\n      return self.method_call(cur)\r\n    File \"C:\\Users\\KIIT\\AppData\\Local\\Temp\\pip-install-bjy6ujjg\\numpy_2da30a0a3d43404fb7b20fc14a1ca04e\\vendored-meson\\meson\\mesonbuild\\interpreterbase\\interpreterbase.py\", line 550, in method_call\r\n      res = obj.method_call(method_name, args, kwargs)\r\n    File \"C:\\Users\\KIIT\\AppData\\Local\\Temp\\pip-install-bjy6ujjg\\numpy_2da30a0a3d43404fb7b20fc14a1ca04e\\vendored-meson\\meson\\mesonbuild\\interpreterbase\\baseobjects.py\", line 94, in method_call\r\n      return method(args, kwargs)\r\n    File \"C:\\Users\\KIIT\\AppData\\Local\\Temp\\pip-install-bjy6ujjg\\numpy_2da30a0a3d43404fb7b20fc14a1ca04e\\vendored-meson\\meson\\mesonbuild\\interpreterbase\\decorators.py\", line 109, in wrapped\r\n      ret = f(*wrapped_args, **wrapped_kwargs)\r\n    File \"C:\\Users\\KIIT\\AppData\\Local\\Temp\\pip-install-bjy6ujjg\\numpy_2da30a0a3d43404fb7b20fc14a1ca04e\\vendored-meson\\meson\\mesonbuild\\interpreterbase\\decorators.py\", line 127, in wrapped\r\n      return f(*wrapped_args, **wrapped_kwargs)\r\n    File \"C:\\Users\\KIIT\\AppData\\Local\\Temp\\pip-install-bjy6ujjg\\numpy_2da30a0a3d43404fb7b20fc14a1ca04e\\vendored-meson\\meson\\mesonbuild\\interpreterbase\\decorators.py\", line 826, in wrapped\r\n      return f(*wrapped_args, **wrapped_kwargs)\r\n    File \"C:\\Users\\KIIT\\AppData\\Local\\Temp\\pip-install-bjy6ujjg\\numpy_2da30a0a3d43404fb7b20fc14a1ca04e\\vendored-meson\\meson\\mesonbuild\\interpreterbase\\decorators.py\", line 64, in wrapped\r\n      return f(*wrapped_args, **wrapped_kwargs)\r\n    File \"C:\\Users\\KIIT\\AppData\\Local\\Temp\\pip-install-bjy6ujjg\\numpy_2da30a0a3d43404fb7b20fc14a1ca04e\\vendored-meson\\meson\\mesonbuild\\modules\\python.py\", line 204, in dependency_method\r\n      dep = self._dependency_method_impl(kwargs)\r\n    File \"C:\\Users\\KIIT\\AppData\\Local\\Temp\\pip-install-bjy6ujjg\\numpy_2da30a0a3d43404fb7b20fc14a1ca04e\\vendored-meson\\meson\\mesonbuild\\modules\\python.py\", line 189, in _dependency_method_impl\r\n      dep = find_external_dependency('python', self.interpreter.environment, new_kwargs, candidates)\r\n    File \"C:\\Users\\KIIT\\AppData\\Local\\Temp\\pip-install-bjy6ujjg\\numpy_2da30a0a3d43404fb7b20fc14a1ca04e\\vendored-meson\\meson\\mesonbuild\\dependencies\\detect.py\", line 124, in find_external_dependency\r\n      d = c()\r\n    File \"C:\\Users\\KIIT\\AppData\\Local\\Temp\\pip-install-bjy6ujjg\\numpy_2da30a0a3d43404fb7b20fc14a1ca04e\\vendored-meson\\meson\\mesonbuild\\dependencies\\python.py\", line 224, in __init__\r\n      if mesonlib.is_windows() and self.get_windows_python_arch().endswith('64') and mesonlib.version_compare(self.version, '<3.12'):\r\n  AttributeError: 'NoneType' object has no attribute 'endswith'\r\n  The Meson build system\r\n  Version: 1.2.99\r\n  Source dir: C:\\Users\\KIIT\\AppData\\Local\\Temp\\pip-install-bjy6ujjg\\numpy_2da30a0a3d43404fb7b20fc14a1ca04e\r\n  Build dir: C:\\Users\\KIIT\\AppData\\Local\\Temp\\pip-install-bjy6ujjg\\numpy_2da30a0a3d43404fb7b20fc14a1ca04e\\.mesonpy-2kb13z9f\\build\r\n  Build type: native build\r\n  Project name: NumPy\r\n  Project version: 1.26.2\r\n  C compiler for the host machine: cc (gcc 11.2.0 \"cc (Rev2, Built by MSYS2 project) 11.2.0\")\r\n  C linker for the host machine: cc ld.bfd 2.37\r\n  C++ compiler for the host machine: c++ (gcc 11.2.0 \"c++ (Rev2, Built by MSYS2 project) 11.2.0\")\r\n  C++ linker for the host machine: c++ ld.bfd 2.37\r\n  Cython compiler for the host machine: cython (cython 3.0.7)\r\n  Host machine cpu family: x86_64\r\n  Host machine cpu: x86_64\r\n  Program python found: YES (C:\\msys64\\mingw64\\bin\\python.exe)\r\n  Did not find pkg-config by name 'pkg-config'\r\n  Found Pkg-config: NO\r\n  Unknown Windows Python platform 'mingw_x86_64'\r\n  Unknown Windows Python platform 'mingw_x86_64'\r\n  \r\n  ..\\..\\meson.build:41:12: ERROR: Unhandled python exception\r\n  \r\n      This is a Meson bug and should be reported!\r\n  [end of output]\r\n  \r\n  note: This error originates from a subprocess, and is likely not a problem with pip.\r\nerror: metadata-generation-failed\r\n\r\nEncountered error while generating package metadata.\r\n\r\nSee above for output.\r\n\r\nnote: This is an issue with the package mentioned above, not pip.\r\nhint: See above for details.\r\n\nCollecting Flask (from -r C:/Users/KIIT/Desktop/Health - GFG/jansevak/requirements.txt (line 1))\r\n  Downloading flask-3.0.0-py3-none-any.whl (99 kB)\r\n     ---------------------------------------- 99.7/99.7 kB 1.4 MB/s eta 0:00:00\r\nCollecting Flask-SQLAlchemy (from -r C:/Users/KIIT/Desktop/Health - GFG/jansevak/requirements.txt (line 2))\r\n  Using cached flask_sqlalchemy-3.1.1-py3-none-any.whl (25 kB)\r\nCollecting Flask-Mail (from -r C:/Users/KIIT/Desktop/Health - GFG/jansevak/requirements.txt (line 3))\r\n  Using cached Flask-Mail-0.9.1.tar.gz (45 kB)\r\n  Preparing metadata (setup.py): started\r\n  Preparing metadata (setup.py): finished with status 'done'\r\nCollecting Werkzeug (from -r C:/Users/KIIT/Desktop/Health - GFG/jansevak/requirements.txt (line 4))\r\n  Downloading werkzeug-3.0.1-py3-none-any.whl (226 kB)\r\n     -------------------------------------- 226.7/226.7 kB 2.3 MB/s eta 0:00:00\r\nCollecting plotly (from -r C:/Users/KIIT/Desktop/Health - GFG/jansevak/requirements.txt (line 5))\r\n  Downloading plotly-5.18.0-py3-none-any.whl (15.6 MB)\r\n     --------------------------------------- 15.6/15.6 MB 10.6 MB/s eta 0:00:00\r\nCollecting numpy (from -r C:/Users/KIIT/Desktop/Health - GFG/jansevak/requirements.txt (line 6))\r\n  Downloading numpy-1.26.2.tar.gz (15.7 MB)\r\n     --------------------------------------- 15.7/15.7 MB 10.9 MB/s eta 0:00:00\r\n  Installing build dependencies: started\r\n  Installing build dependencies: finished with status 'done'\r\n  Getting requirements to build wheel: started\r\n  Getting requirements to build wheel: finished with status 'done'\r\n  Installing backend dependencies: started\r\n  Installing backend dependencies: still running...\r\n  Installing backend dependencies: finished with status 'done'\r\n  Preparing metadata (pyproject.toml): started\r\n  Preparing metadata (pyproject.toml): finished with status 'error'\r\n\n    at makeError (C:\\Users\\KIIT\\AppData\\Roaming\\npm\\node_modules\\vercel\\node_modules\\@vercel\\python\\dist\\index.js:671:9)\n    at C:\\Users\\KIIT\\AppData\\Roaming\\npm\\node_modules\\vercel\\node_modules\\@vercel\\python\\dist\\index.js:775:16\n    at processTicksAndRejections (node:internal/process/task_queues:95:5)\n    at pipInstall (C:\\Users\\KIIT\\AppData\\Roaming\\npm\\node_modules\\vercel\\node_modules\\@vercel\\python\\dist\\index.js:3771:9)\n    at installRequirementsFile (C:\\Users\\KIIT\\AppData\\Roaming\\npm\\node_modules\\vercel\\node_modules\\@vercel\\python\\dist\\index.js:3803:5)\n    at Object.build (C:\\Users\\KIIT\\AppData\\Roaming\\npm\\node_modules\\vercel\\node_modules\\@vercel\\python\\dist\\index.js:3649:9)\n    at doBuild (C:\\Users\\KIIT\\AppData\\Roaming\\npm\\node_modules\\vercel\\dist\\index.js:226112:33)\n    at main (C:\\Users\\KIIT\\AppData\\Roaming\\npm\\node_modules\\vercel\\dist\\index.js:225902:9)\n    at main (C:\\Users\\KIIT\\AppData\\Roaming\\npm\\node_modules\\vercel\\dist\\index.js:234149:24)",
    "message": "Command failed: pip3.9 install --disable-pip-version-check --target . --upgrade -r C:/Users/KIIT/Desktop/Health - GFG/jansevak/requirements.txt\n  error: subprocess-exited-with-error\r\n  \r\n  Preparing metadata (pyproject.toml) did not run successfully.\r\n  exit code: 2\r\n  \r\n  [68 lines of output]\r\n  + C:\\msys64\\mingw64\\bin\\python.exe C:\\Users\\KIIT\\AppData\\Local\\Temp\\pip-install-bjy6ujjg\\numpy_2da30a0a3d43404fb7b20fc14a1ca04e\\vendored-meson\\meson\\meson.py setup C:\\Users\\KIIT\\AppData\\Local\\Temp\\pip-install-bjy6ujjg\\numpy_2da30a0a3d43404fb7b20fc14a1ca04e C:\\Users\\KIIT\\AppData\\Local\\Temp\\pip-install-bjy6ujjg\\numpy_2da30a0a3d43404fb7b20fc14a1ca04e\\.mesonpy-2kb13z9f\\build -Dbuildtype=release -Db_ndebug=if-release -Db_vscrt=md --native-file=C:\\Users\\KIIT\\AppData\\Local\\Temp\\pip-install-bjy6ujjg\\numpy_2da30a0a3d43404fb7b20fc14a1ca04e\\.mesonpy-2kb13z9f\\build\\meson-python-native-file.ini\r\n  Traceback (most recent call last):\r\n    File \"C:\\Users\\KIIT\\AppData\\Local\\Temp\\pip-install-bjy6ujjg\\numpy_2da30a0a3d43404fb7b20fc14a1ca04e\\vendored-meson\\meson\\mesonbuild\\mesonmain.py\", line 194, in run\r\n      return options.run_func(options)\r\n    File \"C:\\Users\\KIIT\\AppData\\Local\\Temp\\pip-install-bjy6ujjg\\numpy_2da30a0a3d43404fb7b20fc14a1ca04e\\vendored-meson\\meson\\mesonbuild\\msetup.py\", line 358, in run\r\n      app.generate()\r\n    File \"C:\\Users\\KIIT\\AppData\\Local\\Temp\\pip-install-bjy6ujjg\\numpy_2da30a0a3d43404fb7b20fc14a1ca04e\\vendored-meson\\meson\\mesonbuild\\msetup.py\", line 183, in generate\r\n      return self._generate(env, capture, vslite_ctx)\r\n    File \"C:\\Users\\KIIT\\AppData\\Local\\Temp\\pip-install-bjy6ujjg\\numpy_2da30a0a3d43404fb7b20fc14a1ca04e\\vendored-meson\\meson\\mesonbuild\\msetup.py\", line 228, in _generate\r\n      intr.run()\r\n    File \"C:\\Users\\KIIT\\AppData\\Local\\Temp\\pip-install-bjy6ujjg\\numpy_2da30a0a3d43404fb7b20fc14a1ca04e\\vendored-meson\\meson\\mesonbuild\\interpreter\\interpreter.py\", line 3002, in run\r\n      super().run()\r\n    File \"C:\\Users\\KIIT\\AppData\\Local\\Temp\\pip-install-bjy6ujjg\\numpy_2da30a0a3d43404fb7b20fc14a1ca04e\\vendored-meson\\meson\\mesonbuild\\interpreterbase\\interpreterbase.py\", line 164, in run\r\n      self.evaluate_codeblock(self.ast, start=1)\r\n    File \"C:\\Users\\KIIT\\AppData\\Local\\Temp\\pip-install-bjy6ujjg\\numpy_2da30a0a3d43404fb7b20fc14a1ca04e\\vendored-meson\\meson\\mesonbuild\\interpreterbase\\interpreterbase.py\", line 190, in evaluate_codeblock\r\n      raise e\r\n    File \"C:\\Users\\KIIT\\AppData\\Local\\Temp\\pip-install-bjy6ujjg\\numpy_2da30a0a3d43404fb7b20fc14a1ca04e\\vendored-meson\\meson\\mesonbuild\\interpreterbase\\interpreterbase.py\", line 182, in evaluate_codeblock\r\n      self.evaluate_statement(cur)\r\n    File \"C:\\Users\\KIIT\\AppData\\Local\\Temp\\pip-install-bjy6ujjg\\numpy_2da30a0a3d43404fb7b20fc14a1ca04e\\vendored-meson\\meson\\mesonbuild\\interpreterbase\\interpreterbase.py\", line 198, in evaluate_statement\r\n      self.assignment(cur)\r\n    File \"C:\\Users\\KIIT\\AppData\\Local\\Temp\\pip-install-bjy6ujjg\\numpy_2da30a0a3d43404fb7b20fc14a1ca04e\\vendored-meson\\meson\\mesonbuild\\interpreterbase\\interpreterbase.py\", line 635, in assignment\r\n      value = self.evaluate_statement(node.value)\r\n    File \"C:\\Users\\KIIT\\AppData\\Local\\Temp\\pip-install-bjy6ujjg\\numpy_2da30a0a3d43404fb7b20fc14a1ca04e\\vendored-meson\\meson\\mesonbuild\\interpreterbase\\interpreterbase.py\", line 200, in evaluate_statement\r\n      return self.method_call(cur)\r\n    File \"C:\\Users\\KIIT\\AppData\\Local\\Temp\\pip-install-bjy6ujjg\\numpy_2da30a0a3d43404fb7b20fc14a1ca04e\\vendored-meson\\meson\\mesonbuild\\interpreterbase\\interpreterbase.py\", line 550, in method_call\r\n      res = obj.method_call(method_name, args, kwargs)\r\n    File \"C:\\Users\\KIIT\\AppData\\Local\\Temp\\pip-install-bjy6ujjg\\numpy_2da30a0a3d43404fb7b20fc14a1ca04e\\vendored-meson\\meson\\mesonbuild\\interpreterbase\\baseobjects.py\", line 94, in method_call\r\n      return method(args, kwargs)\r\n    File \"C:\\Users\\KIIT\\AppData\\Local\\Temp\\pip-install-bjy6ujjg\\numpy_2da30a0a3d43404fb7b20fc14a1ca04e\\vendored-meson\\meson\\mesonbuild\\interpreterbase\\decorators.py\", line 109, in wrapped\r\n      ret = f(*wrapped_args, **wrapped_kwargs)\r\n    File \"C:\\Users\\KIIT\\AppData\\Local\\Temp\\pip-install-bjy6ujjg\\numpy_2da30a0a3d43404fb7b20fc14a1ca04e\\vendored-meson\\meson\\mesonbuild\\interpreterbase\\decorators.py\", line 127, in wrapped\r\n      return f(*wrapped_args, **wrapped_kwargs)\r\n    File \"C:\\Users\\KIIT\\AppData\\Local\\Temp\\pip-install-bjy6ujjg\\numpy_2da30a0a3d43404fb7b20fc14a1ca04e\\vendored-meson\\meson\\mesonbuild\\interpreterbase\\decorators.py\", line 826, in wrapped\r\n      return f(*wrapped_args, **wrapped_kwargs)\r\n    File \"C:\\Users\\KIIT\\AppData\\Local\\Temp\\pip-install-bjy6ujjg\\numpy_2da30a0a3d43404fb7b20fc14a1ca04e\\vendored-meson\\meson\\mesonbuild\\interpreterbase\\decorators.py\", line 64, in wrapped\r\n      return f(*wrapped_args, **wrapped_kwargs)\r\n    File \"C:\\Users\\KIIT\\AppData\\Local\\Temp\\pip-install-bjy6ujjg\\numpy_2da30a0a3d43404fb7b20fc14a1ca04e\\vendored-meson\\meson\\mesonbuild\\modules\\python.py\", line 204, in dependency_method\r\n      dep = self._dependency_method_impl(kwargs)\r\n    File \"C:\\Users\\KIIT\\AppData\\Local\\Temp\\pip-install-bjy6ujjg\\numpy_2da30a0a3d43404fb7b20fc14a1ca04e\\vendored-meson\\meson\\mesonbuild\\modules\\python.py\", line 189, in _dependency_method_impl\r\n      dep = find_external_dependency('python', self.interpreter.environment, new_kwargs, candidates)\r\n    File \"C:\\Users\\KIIT\\AppData\\Local\\Temp\\pip-install-bjy6ujjg\\numpy_2da30a0a3d43404fb7b20fc14a1ca04e\\vendored-meson\\meson\\mesonbuild\\dependencies\\detect.py\", line 124, in find_external_dependency\r\n      d = c()\r\n    File \"C:\\Users\\KIIT\\AppData\\Local\\Temp\\pip-install-bjy6ujjg\\numpy_2da30a0a3d43404fb7b20fc14a1ca04e\\vendored-meson\\meson\\mesonbuild\\dependencies\\python.py\", line 224, in __init__\r\n      if mesonlib.is_windows() and self.get_windows_python_arch().endswith('64') and mesonlib.version_compare(self.version, '<3.12'):\r\n  AttributeError: 'NoneType' object has no attribute 'endswith'\r\n  The Meson build system\r\n  Version: 1.2.99\r\n  Source dir: C:\\Users\\KIIT\\AppData\\Local\\Temp\\pip-install-bjy6ujjg\\numpy_2da30a0a3d43404fb7b20fc14a1ca04e\r\n  Build dir: C:\\Users\\KIIT\\AppData\\Local\\Temp\\pip-install-bjy6ujjg\\numpy_2da30a0a3d43404fb7b20fc14a1ca04e\\.mesonpy-2kb13z9f\\build\r\n  Build type: native build\r\n  Project name: NumPy\r\n  Project version: 1.26.2\r\n  C compiler for the host machine: cc (gcc 11.2.0 \"cc (Rev2, Built by MSYS2 project) 11.2.0\")\r\n  C linker for the host machine: cc ld.bfd 2.37\r\n  C++ compiler for the host machine: c++ (gcc 11.2.0 \"c++ (Rev2, Built by MSYS2 project) 11.2.0\")\r\n  C++ linker for the host machine: c++ ld.bfd 2.37\r\n  Cython compiler for the host machine: cython (cython 3.0.7)\r\n  Host machine cpu family: x86_64\r\n  Host machine cpu: x86_64\r\n  Program python found: YES (C:\\msys64\\mingw64\\bin\\python.exe)\r\n  Did not find pkg-config by name 'pkg-config'\r\n  Found Pkg-config: NO\r\n  Unknown Windows Python platform 'mingw_x86_64'\r\n  Unknown Windows Python platform 'mingw_x86_64'\r\n  \r\n  ..\\..\\meson.build:41:12: ERROR: Unhandled python exception\r\n  \r\n      This is a Meson bug and should be reported!\r\n  [end of output]\r\n  \r\n  note: This error originates from a subprocess, and is likely not a problem with pip.\r\nerror: metadata-generation-failed\r\n\r\nEncountered error while generating package metadata.\r\n\r\nSee above for output.\r\n\r\nnote: This is an issue with the package mentioned above, not pip.\r\nhint: See above for details.\r\n\nCollecting Flask (from -r C:/Users/KIIT/Desktop/Health - GFG/jansevak/requirements.txt (line 1))\r\n  Downloading flask-3.0.0-py3-none-any.whl (99 kB)\r\n     ---------------------------------------- 99.7/99.7 kB 1.4 MB/s eta 0:00:00\r\nCollecting Flask-SQLAlchemy (from -r C:/Users/KIIT/Desktop/Health - GFG/jansevak/requirements.txt (line 2))\r\n  Using cached flask_sqlalchemy-3.1.1-py3-none-any.whl (25 kB)\r\nCollecting Flask-Mail (from -r C:/Users/KIIT/Desktop/Health - GFG/jansevak/requirements.txt (line 3))\r\n  Using cached Flask-Mail-0.9.1.tar.gz (45 kB)\r\n  Preparing metadata (setup.py): started\r\n  Preparing metadata (setup.py): finished with status 'done'\r\nCollecting Werkzeug (from -r C:/Users/KIIT/Desktop/Health - GFG/jansevak/requirements.txt (line 4))\r\n  Downloading werkzeug-3.0.1-py3-none-any.whl (226 kB)\r\n     -------------------------------------- 226.7/226.7 kB 2.3 MB/s eta 0:00:00\r\nCollecting plotly (from -r C:/Users/KIIT/Desktop/Health - GFG/jansevak/requirements.txt (line 5))\r\n  Downloading plotly-5.18.0-py3-none-any.whl (15.6 MB)\r\n     --------------------------------------- 15.6/15.6 MB 10.6 MB/s eta 0:00:00\r\nCollecting numpy (from -r C:/Users/KIIT/Desktop/Health - GFG/jansevak/requirements.txt (line 6))\r\n  Downloading numpy-1.26.2.tar.gz (15.7 MB)\r\n     --------------------------------------- 15.7/15.7 MB 10.9 MB/s eta 0:00:00\r\n  Installing build dependencies: started\r\n  Installing build dependencies: finished with status 'done'\r\n  Getting requirements to build wheel: started\r\n  Getting requirements to build wheel: finished with status 'done'\r\n  Installing backend dependencies: started\r\n  Installing backend dependencies: still running...\r\n  Installing backend dependencies: finished with status 'done'\r\n  Preparing metadata (pyproject.toml): started\r\n  Preparing metadata (pyproject.toml): finished with status 'error'\r\n",
    "code": 1,
    "stdout": "Collecting Flask (from -r C:/Users/KIIT/Desktop/Health - GFG/jansevak/requirements.txt (line 1))\r\n  Downloading flask-3.0.0-py3-none-any.whl (99 kB)\r\n     ---------------------------------------- 99.7/99.7 kB 1.4 MB/s eta 0:00:00\r\nCollecting Flask-SQLAlchemy (from -r C:/Users/KIIT/Desktop/Health - GFG/jansevak/requirements.txt (line 2))\r\n  Using cached flask_sqlalchemy-3.1.1-py3-none-any.whl (25 kB)\r\nCollecting Flask-Mail (from -r C:/Users/KIIT/Desktop/Health - GFG/jansevak/requirements.txt (line 3))\r\n  Using cached Flask-Mail-0.9.1.tar.gz (45 kB)\r\n  Preparing metadata (setup.py): started\r\n  Preparing metadata (setup.py): finished with status 'done'\r\nCollecting Werkzeug (from -r C:/Users/KIIT/Desktop/Health - GFG/jansevak/requirements.txt (line 4))\r\n  Downloading werkzeug-3.0.1-py3-none-any.whl (226 kB)\r\n     -------------------------------------- 226.7/226.7 kB 2.3 MB/s eta 0:00:00\r\nCollecting plotly (from -r C:/Users/KIIT/Desktop/Health - GFG/jansevak/requirements.txt (line 5))\r\n  Downloading plotly-5.18.0-py3-none-any.whl (15.6 MB)\r\n     --------------------------------------- 15.6/15.6 MB 10.6 MB/s eta 0:00:00\r\nCollecting numpy (from -r C:/Users/KIIT/Desktop/Health - GFG/jansevak/requirements.txt (line 6))\r\n  Downloading numpy-1.26.2.tar.gz (15.7 MB)\r\n     --------------------------------------- 15.7/15.7 MB 10.9 MB/s eta 0:00:00\r\n  Installing build dependencies: started\r\n  Installing build dependencies: finished with status 'done'\r\n  Getting requirements to build wheel: started\r\n  Getting requirements to build wheel: finished with status 'done'\r\n  Installing backend dependencies: started\r\n  Installing backend dependencies: still running...\r\n  Installing backend dependencies: finished with status 'done'\r\n  Preparing metadata (pyproject.toml): started\r\n  Preparing metadata (pyproject.toml): finished with status 'error'\r\n",
    "stderr": "  error: subprocess-exited-with-error\r\n  \r\n  Preparing metadata (pyproject.toml) did not run successfully.\r\n  exit code: 2\r\n  \r\n  [68 lines of output]\r\n  + C:\\msys64\\mingw64\\bin\\python.exe C:\\Users\\KIIT\\AppData\\Local\\Temp\\pip-install-bjy6ujjg\\numpy_2da30a0a3d43404fb7b20fc14a1ca04e\\vendored-meson\\meson\\meson.py setup C:\\Users\\KIIT\\AppData\\Local\\Temp\\pip-install-bjy6ujjg\\numpy_2da30a0a3d43404fb7b20fc14a1ca04e C:\\Users\\KIIT\\AppData\\Local\\Temp\\pip-install-bjy6ujjg\\numpy_2da30a0a3d43404fb7b20fc14a1ca04e\\.mesonpy-2kb13z9f\\build -Dbuildtype=release -Db_ndebug=if-release -Db_vscrt=md --native-file=C:\\Users\\KIIT\\AppData\\Local\\Temp\\pip-install-bjy6ujjg\\numpy_2da30a0a3d43404fb7b20fc14a1ca04e\\.mesonpy-2kb13z9f\\build\\meson-python-native-file.ini\r\n  Traceback (most recent call last):\r\n    File \"C:\\Users\\KIIT\\AppData\\Local\\Temp\\pip-install-bjy6ujjg\\numpy_2da30a0a3d43404fb7b20fc14a1ca04e\\vendored-meson\\meson\\mesonbuild\\mesonmain.py\", line 194, in run\r\n      return options.run_func(options)\r\n    File \"C:\\Users\\KIIT\\AppData\\Local\\Temp\\pip-install-bjy6ujjg\\numpy_2da30a0a3d43404fb7b20fc14a1ca04e\\vendored-meson\\meson\\mesonbuild\\msetup.py\", line 358, in run\r\n      app.generate()\r\n    File \"C:\\Users\\KIIT\\AppData\\Local\\Temp\\pip-install-bjy6ujjg\\numpy_2da30a0a3d43404fb7b20fc14a1ca04e\\vendored-meson\\meson\\mesonbuild\\msetup.py\", line 183, in generate\r\n      return self._generate(env, capture, vslite_ctx)\r\n    File \"C:\\Users\\KIIT\\AppData\\Local\\Temp\\pip-install-bjy6ujjg\\numpy_2da30a0a3d43404fb7b20fc14a1ca04e\\vendored-meson\\meson\\mesonbuild\\msetup.py\", line 228, in _generate\r\n      intr.run()\r\n    File \"C:\\Users\\KIIT\\AppData\\Local\\Temp\\pip-install-bjy6ujjg\\numpy_2da30a0a3d43404fb7b20fc14a1ca04e\\vendored-meson\\meson\\mesonbuild\\interpreter\\interpreter.py\", line 3002, in run\r\n      super().run()\r\n    File \"C:\\Users\\KIIT\\AppData\\Local\\Temp\\pip-install-bjy6ujjg\\numpy_2da30a0a3d43404fb7b20fc14a1ca04e\\vendored-meson\\meson\\mesonbuild\\interpreterbase\\interpreterbase.py\", line 164, in run\r\n      self.evaluate_codeblock(self.ast, start=1)\r\n    File \"C:\\Users\\KIIT\\AppData\\Local\\Temp\\pip-install-bjy6ujjg\\numpy_2da30a0a3d43404fb7b20fc14a1ca04e\\vendored-meson\\meson\\mesonbuild\\interpreterbase\\interpreterbase.py\", line 190, in evaluate_codeblock\r\n      raise e\r\n    File \"C:\\Users\\KIIT\\AppData\\Local\\Temp\\pip-install-bjy6ujjg\\numpy_2da30a0a3d43404fb7b20fc14a1ca04e\\vendored-meson\\meson\\mesonbuild\\interpreterbase\\interpreterbase.py\", line 182, in evaluate_codeblock\r\n      self.evaluate_statement(cur)\r\n    File \"C:\\Users\\KIIT\\AppData\\Local\\Temp\\pip-install-bjy6ujjg\\numpy_2da30a0a3d43404fb7b20fc14a1ca04e\\vendored-meson\\meson\\mesonbuild\\interpreterbase\\interpreterbase.py\", line 198, in evaluate_statement\r\n      self.assignment(cur)\r\n    File \"C:\\Users\\KIIT\\AppData\\Local\\Temp\\pip-install-bjy6ujjg\\numpy_2da30a0a3d43404fb7b20fc14a1ca04e\\vendored-meson\\meson\\mesonbuild\\interpreterbase\\interpreterbase.py\", line 635, in assignment\r\n      value = self.evaluate_statement(node.value)\r\n    File \"C:\\Users\\KIIT\\AppData\\Local\\Temp\\pip-install-bjy6ujjg\\numpy_2da30a0a3d43404fb7b20fc14a1ca04e\\vendored-meson\\meson\\mesonbuild\\interpreterbase\\interpreterbase.py\", line 200, in evaluate_statement\r\n      return self.method_call(cur)\r\n    File \"C:\\Users\\KIIT\\AppData\\Local\\Temp\\pip-install-bjy6ujjg\\numpy_2da30a0a3d43404fb7b20fc14a1ca04e\\vendored-meson\\meson\\mesonbuild\\interpreterbase\\interpreterbase.py\", line 550, in method_call\r\n      res = obj.method_call(method_name, args, kwargs)\r\n    File \"C:\\Users\\KIIT\\AppData\\Local\\Temp\\pip-install-bjy6ujjg\\numpy_2da30a0a3d43404fb7b20fc14a1ca04e\\vendored-meson\\meson\\mesonbuild\\interpreterbase\\baseobjects.py\", line 94, in method_call\r\n      return method(args, kwargs)\r\n    File \"C:\\Users\\KIIT\\AppData\\Local\\Temp\\pip-install-bjy6ujjg\\numpy_2da30a0a3d43404fb7b20fc14a1ca04e\\vendored-meson\\meson\\mesonbuild\\interpreterbase\\decorators.py\", line 109, in wrapped\r\n      ret = f(*wrapped_args, **wrapped_kwargs)\r\n    File \"C:\\Users\\KIIT\\AppData\\Local\\Temp\\pip-install-bjy6ujjg\\numpy_2da30a0a3d43404fb7b20fc14a1ca04e\\vendored-meson\\meson\\mesonbuild\\interpreterbase\\decorators.py\", line 127, in wrapped\r\n      return f(*wrapped_args, **wrapped_kwargs)\r\n    File \"C:\\Users\\KIIT\\AppData\\Local\\Temp\\pip-install-bjy6ujjg\\numpy_2da30a0a3d43404fb7b20fc14a1ca04e\\vendored-meson\\meson\\mesonbuild\\interpreterbase\\decorators.py\", line 826, in wrapped\r\n      return f(*wrapped_args, **wrapped_kwargs)\r\n    File \"C:\\Users\\KIIT\\AppData\\Local\\Temp\\pip-install-bjy6ujjg\\numpy_2da30a0a3d43404fb7b20fc14a1ca04e\\vendored-meson\\meson\\mesonbuild\\interpreterbase\\decorators.py\", line 64, in wrapped\r\n      return f(*wrapped_args, **wrapped_kwargs)\r\n    File \"C:\\Users\\KIIT\\AppData\\Local\\Temp\\pip-install-bjy6ujjg\\numpy_2da30a0a3d43404fb7b20fc14a1ca04e\\vendored-meson\\meson\\mesonbuild\\modules\\python.py\", line 204, in dependency_method\r\n      dep = self._dependency_method_impl(kwargs)\r\n    File \"C:\\Users\\KIIT\\AppData\\Local\\Temp\\pip-install-bjy6ujjg\\numpy_2da30a0a3d43404fb7b20fc14a1ca04e\\vendored-meson\\meson\\mesonbuild\\modules\\python.py\", line 189, in _dependency_method_impl\r\n      dep = find_external_dependency('python', self.interpreter.environment, new_kwargs, candidates)\r\n    File \"C:\\Users\\KIIT\\AppData\\Local\\Temp\\pip-install-bjy6ujjg\\numpy_2da30a0a3d43404fb7b20fc14a1ca04e\\vendored-meson\\meson\\mesonbuild\\dependencies\\detect.py\", line 124, in find_external_dependency\r\n      d = c()\r\n    File \"C:\\Users\\KIIT\\AppData\\Local\\Temp\\pip-install-bjy6ujjg\\numpy_2da30a0a3d43404fb7b20fc14a1ca04e\\vendored-meson\\meson\\mesonbuild\\dependencies\\python.py\", line 224, in __init__\r\n      if mesonlib.is_windows() and self.get_windows_python_arch().endswith('64') and mesonlib.version_compare(self.version, '<3.12'):\r\n  AttributeError: 'NoneType' object has no attribute 'endswith'\r\n  The Meson build system\r\n  Version: 1.2.99\r\n  Source dir: C:\\Users\\KIIT\\AppData\\Local\\Temp\\pip-install-bjy6ujjg\\numpy_2da30a0a3d43404fb7b20fc14a1ca04e\r\n  Build dir: C:\\Users\\KIIT\\AppData\\Local\\Temp\\pip-install-bjy6ujjg\\numpy_2da30a0a3d43404fb7b20fc14a1ca04e\\.mesonpy-2kb13z9f\\build\r\n  Build type: native build\r\n  Project name: NumPy\r\n  Project version: 1.26.2\r\n  C compiler for the host machine: cc (gcc 11.2.0 \"cc (Rev2, Built by MSYS2 project) 11.2.0\")\r\n  C linker for the host machine: cc ld.bfd 2.37\r\n  C++ compiler for the host machine: c++ (gcc 11.2.0 \"c++ (Rev2, Built by MSYS2 project) 11.2.0\")\r\n  C++ linker for the host machine: c++ ld.bfd 2.37\r\n  Cython compiler for the host machine: cython (cython 3.0.7)\r\n  Host machine cpu family: x86_64\r\n  Host machine cpu: x86_64\r\n  Program python found: YES (C:\\msys64\\mingw64\\bin\\python.exe)\r\n  Did not find pkg-config by name 'pkg-config'\r\n  Found Pkg-config: NO\r\n  Unknown Windows Python platform 'mingw_x86_64'\r\n  Unknown Windows Python platform 'mingw_x86_64'\r\n  \r\n  ..\\..\\meson.build:41:12: ERROR: Unhandled python exception\r\n  \r\n      This is a Meson bug and should be reported!\r\n  [end of output]\r\n  \r\n  note: This error originates from a subprocess, and is likely not a problem with pip.\r\nerror: metadata-generation-failed\r\n\r\nEncountered error while generating package metadata.\r\n\r\nSee above for output.\r\n\r\nnote: This is an issue with the package mentioned above, not pip.\r\nhint: See above for details.\r\n",
    "failed": true,
    "signal": null,
    "cmd": "pip3.9 install --disable-pip-version-check --target . --upgrade -r C:/Users/KIIT/Desktop/Health - GFG/jansevak/requirements.txt",
    "timedOut": false,
    "killed": false
  }
}
